<?xml version="1.0" encoding="UTF-8"?>
<!-- Generated by org.testng.reporters.JUnitReportReporter -->
<testsuite skipped="0" hostname="vn-macbook-0047.local" name="com.news.selenium.GoToHomePageTest" tests="1" failures="0" timestamp="09 Apr 2018 16:14:18 GMT" time="5.561" errors="0">
  <testcase name="testGoHomePage" time="5.561" classname="com.news.selenium.GoToHomePageTest"/>
</testsuite> <!-- com.news.selenium.GoToHomePageTest -->
