<?xml version="1.0" encoding="UTF-8"?>
<!-- Generated by org.testng.reporters.JUnitReportReporter -->
<testsuite skipped="0" hostname="vn-macbook-0047.local" name="com.pam.selenium.GoToHomePageTest" tests="1" failures="0" timestamp="04 Mar 2018 07:49:54 GMT" time="3.716" errors="0">
  <testcase name="testGoHomePage" time="3.716" classname="com.pam.selenium.GoToHomePageTest"/>
</testsuite> <!-- com.pam.selenium.GoToHomePageTest -->
