<?xml version="1.0" encoding="UTF-8"?>
<!-- Generated by org.testng.reporters.JUnitReportReporter -->
<testsuite skipped="0" hostname="vn-macbook-0047.local" name="com.pam.selenium.SeleniumExampleWithChromeTest" tests="1" failures="0" timestamp="03 Feb 2018 08:20:00 GMT" time="0.893" errors="0">
  <testcase name="testGoHomePageOfCafefSite" time="0.893" classname="com.pam.selenium.SeleniumExampleWithChromeTest"/>
</testsuite> <!-- com.pam.selenium.SeleniumExampleWithChromeTest -->
