<?xml version="1.0" encoding="UTF-8"?>
<!-- Generated by org.testng.reporters.JUnitReportReporter -->
<testsuite skipped="0" hostname="vn-macbook-0047.local" name="com.news.selenium.EthDatabaseTest" tests="1" failures="0" timestamp="09 Apr 2018 16:43:08 GMT" time="5.297" errors="0">
  <testcase name="insertArticle" time="5.297" classname="com.news.selenium.EthDatabaseTest"/>
</testsuite> <!-- com.news.selenium.EthDatabaseTest -->
